This file contains any messages produced by compilers while
running configure, to aid debugging if configure makes a mistake.

It was created by ebp configure 0.2.1, which was
generated by GNU Autoconf 2.68.  Invocation command line was

  $ /home/jeetu/code/eBrainPool/with-avahi/ebp/configure --enable-maintainer-mode CFLAGS=-g -O0 CXXFLAGS=-g -O0 JFLAGS=-g -O0 FFLAGS=-g -O0 --no-create --no-recursion

## --------- ##
## Platform. ##
## --------- ##

hostname = debian
uname -m = x86_64
uname -r = 3.0.0-1-amd64
uname -s = Linux
uname -v = #1 SMP Sat Aug 27 16:21:11 UTC 2011

/usr/bin/uname -p = unknown
/bin/uname -X     = unknown

/bin/arch              = unknown
/usr/bin/arch -k       = unknown
/usr/convex/getsysinfo = unknown
/usr/bin/hostinfo      = unknown
/bin/machine           = unknown
/usr/bin/oslevel       = unknown
/bin/universe          = unknown

PATH: /usr/local/bin
PATH: /usr/bin
PATH: /bin
PATH: /usr/games


## ----------- ##
## Core tests. ##
## ----------- ##

configure:2299: checking for a BSD-compatible install
configure:2367: result: /usr/bin/install -c
configure:2378: checking whether build environment is sane
configure:2428: result: yes
configure:2569: checking for a thread-safe mkdir -p
configure:2608: result: /bin/mkdir -p
configure:2621: checking for gawk
configure:2651: result: no
configure:2621: checking for mawk
configure:2637: found /usr/bin/mawk
configure:2648: result: mawk
configure:2659: checking whether make sets $(MAKE)
configure:2681: result: yes
configure:2764: checking whether to enable maintainer-specific portions of Makefiles
configure:2773: result: yes
configure:2835: checking for gcc
configure:2851: found /usr/bin/gcc
configure:2862: result: gcc
configure:3091: checking for C compiler version
configure:3100: gcc --version >&5
gcc (Debian 4.6.1-4) 4.6.1
Copyright (C) 2011 Free Software Foundation, Inc.
This is free software; see the source for copying conditions.  There is NO
warranty; not even for MERCHANTABILITY or FITNESS FOR A PARTICULAR PURPOSE.

configure:3111: $? = 0
configure:3100: gcc -v >&5
Using built-in specs.
COLLECT_GCC=gcc
COLLECT_LTO_WRAPPER=/usr/lib/x86_64-linux-gnu/gcc/x86_64-linux-gnu/4.6.1/lto-wrapper
Target: x86_64-linux-gnu
Configured with: ../src/configure -v --with-pkgversion='Debian 4.6.1-4' --with-bugurl=file:///usr/share/doc/gcc-4.6/README.Bugs --enable-languages=c,c++,fortran,objc,obj-c++,go --prefix=/usr --program-suffix=-4.6 --enable-shared --enable-multiarch --with-multiarch-defaults=x86_64-linux-gnu --enable-linker-build-id --with-system-zlib --libexecdir=/usr/lib/x86_64-linux-gnu --without-included-gettext --enable-threads=posix --with-gxx-include-dir=/usr/include/c++/4.6 --libdir=/usr/lib/x86_64-linux-gnu --enable-nls --enable-clocale=gnu --enable-libstdcxx-debug --enable-libstdcxx-time=yes --enable-plugin --enable-objc-gc --with-arch-32=i586 --with-tune=generic --enable-checking=release --build=x86_64-linux-gnu --host=x86_64-linux-gnu --target=x86_64-linux-gnu
Thread model: posix
gcc version 4.6.1 (Debian 4.6.1-4) 
configure:3111: $? = 0
configure:3100: gcc -V >&5
gcc: error: unrecognized option '-V'
gcc: fatal error: no input files
compilation terminated.
configure:3111: $? = 1
configure:3100: gcc -qversion >&5
gcc: error: unrecognized option '-qversion'
gcc: fatal error: no input files
compilation terminated.
configure:3111: $? = 1
configure:3131: checking whether the C compiler works
configure:3153: gcc -g -O0   conftest.c  >&5
configure:3157: $? = 0
configure:3205: result: yes
configure:3208: checking for C compiler default output file name
configure:3210: result: a.out
configure:3216: checking for suffix of executables
configure:3223: gcc -o conftest -g -O0   conftest.c  >&5
configure:3227: $? = 0
configure:3249: result: 
configure:3271: checking whether we are cross compiling
configure:3279: gcc -o conftest -g -O0   conftest.c  >&5
configure:3283: $? = 0
configure:3290: ./conftest
configure:3294: $? = 0
configure:3309: result: no
configure:3314: checking for suffix of object files
configure:3336: gcc -c -g -O0  conftest.c >&5
configure:3340: $? = 0
configure:3361: result: o
configure:3365: checking whether we are using the GNU C compiler
configure:3384: gcc -c -g -O0  conftest.c >&5
configure:3384: $? = 0
configure:3393: result: yes
configure:3402: checking whether gcc accepts -g
configure:3422: gcc -c -g  conftest.c >&5
configure:3422: $? = 0
configure:3463: result: yes
configure:3480: checking for gcc option to accept ISO C89
configure:3544: gcc  -c -g -O0  conftest.c >&5
configure:3544: $? = 0
configure:3557: result: none needed
configure:3588: checking for style of include used by make
configure:3616: result: GNU
configure:3641: checking dependency style of gcc
configure:3751: result: gcc3
configure:3783: checking how to run the C preprocessor
configure:3814: gcc -E  conftest.c
configure:3814: $? = 0
configure:3828: gcc -E  conftest.c
conftest.c:12:28: fatal error: ac_nonexistent.h: No such file or directory
compilation terminated.
configure:3828: $? = 1
configure: failed program was:
| /* confdefs.h */
| #define PACKAGE_NAME "ebp"
| #define PACKAGE_TARNAME "ebp"
| #define PACKAGE_VERSION "0.2.1"
| #define PACKAGE_STRING "ebp 0.2.1"
| #define PACKAGE_BUGREPORT ""
| #define PACKAGE_URL ""
| #define PACKAGE "ebp"
| #define VERSION "0.2.1"
| #define GETTEXT_PACKAGE "ebp"
| /* end confdefs.h.  */
| #include <ac_nonexistent.h>
configure:3853: result: gcc -E
configure:3873: gcc -E  conftest.c
configure:3873: $? = 0
configure:3887: gcc -E  conftest.c
conftest.c:12:28: fatal error: ac_nonexistent.h: No such file or directory
compilation terminated.
configure:3887: $? = 1
configure: failed program was:
| /* confdefs.h */
| #define PACKAGE_NAME "ebp"
| #define PACKAGE_TARNAME "ebp"
| #define PACKAGE_VERSION "0.2.1"
| #define PACKAGE_STRING "ebp 0.2.1"
| #define PACKAGE_BUGREPORT ""
| #define PACKAGE_URL ""
| #define PACKAGE "ebp"
| #define VERSION "0.2.1"
| #define GETTEXT_PACKAGE "ebp"
| /* end confdefs.h.  */
| #include <ac_nonexistent.h>
configure:3916: checking for grep that handles long lines and -e
configure:3974: result: /bin/grep
configure:3979: checking for egrep
configure:4041: result: /bin/grep -E
configure:4046: checking for ANSI C header files
configure:4066: gcc -c -g -O0  conftest.c >&5
configure:4066: $? = 0
configure:4139: gcc -o conftest -g -O0   conftest.c  >&5
configure:4139: $? = 0
configure:4139: ./conftest
configure:4139: $? = 0
configure:4150: result: yes
configure:4163: checking for sys/types.h
configure:4163: gcc -c -g -O0  conftest.c >&5
configure:4163: $? = 0
configure:4163: result: yes
configure:4163: checking for sys/stat.h
configure:4163: gcc -c -g -O0  conftest.c >&5
configure:4163: $? = 0
configure:4163: result: yes
configure:4163: checking for stdlib.h
configure:4163: gcc -c -g -O0  conftest.c >&5
configure:4163: $? = 0
configure:4163: result: yes
configure:4163: checking for string.h
configure:4163: gcc -c -g -O0  conftest.c >&5
configure:4163: $? = 0
configure:4163: result: yes
configure:4163: checking for memory.h
configure:4163: gcc -c -g -O0  conftest.c >&5
configure:4163: $? = 0
configure:4163: result: yes
configure:4163: checking for strings.h
configure:4163: gcc -c -g -O0  conftest.c >&5
configure:4163: $? = 0
configure:4163: result: yes
configure:4163: checking for inttypes.h
configure:4163: gcc -c -g -O0  conftest.c >&5
configure:4163: $? = 0
configure:4163: result: yes
configure:4163: checking for stdint.h
configure:4163: gcc -c -g -O0  conftest.c >&5
configure:4163: $? = 0
configure:4163: result: yes
configure:4163: checking for unistd.h
configure:4163: gcc -c -g -O0  conftest.c >&5
configure:4163: $? = 0
configure:4163: result: yes
configure:4178: checking locale.h usability
configure:4178: gcc -c -g -O0  conftest.c >&5
configure:4178: $? = 0
configure:4178: result: yes
configure:4178: checking locale.h presence
configure:4178: gcc -E  conftest.c
configure:4178: $? = 0
configure:4178: result: yes
configure:4178: checking for locale.h
configure:4178: result: yes
configure:4189: checking for LC_MESSAGES
configure:4205: gcc -o conftest -g -O0   conftest.c  >&5
configure:4205: $? = 0
configure:4213: result: yes
configure:4230: checking libintl.h usability
configure:4230: gcc -c -g -O0  conftest.c >&5
configure:4230: $? = 0
configure:4230: result: yes
configure:4230: checking libintl.h presence
configure:4230: gcc -E  conftest.c
configure:4230: $? = 0
configure:4230: result: yes
configure:4230: checking for libintl.h
configure:4230: result: yes
configure:4238: checking for ngettext in libc
configure:4256: gcc -o conftest -g -O0   conftest.c  >&5
configure:4256: $? = 0
configure:4265: result: yes
configure:4269: checking for dgettext in libc
configure:4287: gcc -o conftest -g -O0   conftest.c  >&5
configure:4287: $? = 0
configure:4296: result: yes
configure:4303: checking for bind_textdomain_codeset
configure:4303: gcc -o conftest -g -O0   conftest.c  >&5
configure:4303: $? = 0
configure:4303: result: yes
configure:4579: checking for msgfmt
configure:4606: result: /usr/bin/msgfmt
configure:4617: checking for dcgettext
configure:4617: gcc -o conftest -g -O0   conftest.c   >&5
conftest.c:49:6: warning: conflicting types for built-in function 'dcgettext' [enabled by default]
configure:4617: $? = 0
configure:4617: result: yes
configure:4627: checking if msgfmt accepts -c
configure:4642: $MSGFMT -c -o /dev/null conftest.foo
configure:4645: $? = 0
configure:4647: result: yes
configure:4657: checking for gmsgfmt
configure:4688: result: /usr/bin/msgfmt
configure:4698: checking for xgettext
configure:4725: result: /usr/bin/xgettext
configure:4744: gcc -o conftest -g -O0   conftest.c   >&5
configure:4744: $? = 0
configure:4880: checking whether NLS is requested
configure:4889: result: yes
configure:4904: checking for intltool >= 0.35.0
configure:4911: result: 0.41.1 found
configure:4919: checking for intltool-update
configure:4937: found /usr/bin/intltool-update
configure:4949: result: /usr/bin/intltool-update
configure:4959: checking for intltool-merge
configure:4977: found /usr/bin/intltool-merge
configure:4989: result: /usr/bin/intltool-merge
configure:4999: checking for intltool-extract
configure:5017: found /usr/bin/intltool-extract
configure:5029: result: /usr/bin/intltool-extract
configure:5160: checking for xgettext
configure:5190: result: /usr/bin/xgettext
configure:5200: checking for msgmerge
configure:5218: found /usr/bin/msgmerge
configure:5230: result: /usr/bin/msgmerge
configure:5240: checking for msgfmt
configure:5270: result: /usr/bin/msgfmt
configure:5280: checking for gmsgfmt
configure:5311: result: /usr/bin/msgfmt
configure:5331: checking for perl
configure:5349: found /usr/bin/perl
configure:5361: result: /usr/bin/perl
configure:5372: checking for perl >= 5.8.1
configure:5379: result: 5.12.4
configure:5383: checking for XML::Parser
configure:5386: result: ok
configure:5469: checking build system type
configure:5483: result: x86_64-unknown-linux-gnu
configure:5503: checking host system type
configure:5516: result: x86_64-unknown-linux-gnu
configure:5557: checking how to print strings
configure:5584: result: printf
configure:5605: checking for a sed that does not truncate output
configure:5669: result: /bin/sed
configure:5687: checking for fgrep
configure:5749: result: /bin/grep -F
configure:5784: checking for ld used by gcc
configure:5851: result: /usr/bin/ld
configure:5858: checking if the linker (/usr/bin/ld) is GNU ld
configure:5873: result: yes
configure:5885: checking for BSD- or MS-compatible name lister (nm)
configure:5934: result: /usr/bin/nm -B
configure:6064: checking the name lister (/usr/bin/nm -B) interface
configure:6071: gcc -c -g -O0  conftest.c >&5
configure:6074: /usr/bin/nm -B "conftest.o"
configure:6077: output
0000000000000000 B some_variable
configure:6084: result: BSD nm
configure:6087: checking whether ln -s works
configure:6091: result: yes
configure:6099: checking the maximum length of command line arguments
configure:6224: result: 3458764513820540925
configure:6241: checking whether the shell understands some XSI constructs
configure:6251: result: yes
configure:6255: checking whether the shell understands "+="
configure:6261: result: yes
configure:6296: checking how to convert x86_64-unknown-linux-gnu file names to x86_64-unknown-linux-gnu format
configure:6336: result: func_convert_file_noop
configure:6343: checking how to convert x86_64-unknown-linux-gnu file names to toolchain format
configure:6363: result: func_convert_file_noop
configure:6370: checking for /usr/bin/ld option to reload object files
configure:6377: result: -r
configure:6451: checking for objdump
configure:6467: found /usr/bin/objdump
configure:6478: result: objdump
configure:6510: checking how to recognize dependent libraries
configure:6712: result: pass_all
configure:6797: checking for dlltool
configure:6827: result: no
configure:6857: checking how to associate runtime and link libraries
configure:6884: result: printf %s\n
configure:6944: checking for ar
configure:6960: found /usr/bin/ar
configure:6971: result: ar
configure:7008: checking for archiver @FILE support
configure:7025: gcc -c -g -O0  conftest.c >&5
configure:7025: $? = 0
configure:7028: ar cru libconftest.a @conftest.lst >&5
configure:7031: $? = 0
configure:7036: ar cru libconftest.a @conftest.lst >&5
ar: conftest.o: No such file or directory
configure:7039: $? = 1
configure:7051: result: @
configure:7109: checking for strip
configure:7125: found /usr/bin/strip
configure:7136: result: strip
configure:7208: checking for ranlib
configure:7224: found /usr/bin/ranlib
configure:7235: result: ranlib
configure:7337: checking command to parse /usr/bin/nm -B output from gcc object
configure:7456: gcc -c -g -O0  conftest.c >&5
configure:7459: $? = 0
configure:7463: /usr/bin/nm -B conftest.o \| sed -n -e 's/^.*[ ]\([ABCDGIRSTW][ABCDGIRSTW]*\)[ ][ ]*\([_A-Za-z][_A-Za-z0-9]*\)$/\1 \2 \2/p' | sed '/ __gnu_lto/d' \> conftest.nm
configure:7466: $? = 0
configure:7532: gcc -o conftest -g -O0   conftest.c conftstm.o >&5
configure:7535: $? = 0
configure:7573: result: ok
configure:7610: checking for sysroot
configure:7640: result: no
configure:7717: gcc -c -g -O0  conftest.c >&5
configure:7720: $? = 0
configure:7883: checking for mt
configure:7899: found /bin/mt
configure:7910: result: mt
configure:7933: checking if mt is a manifest tool
configure:7939: mt '-?'
configure:7947: result: no
configure:8576: checking for dlfcn.h
configure:8576: gcc -c -g -O0  conftest.c >&5
configure:8576: $? = 0
configure:8576: result: yes
configure:8763: checking for objdir
configure:8778: result: .libs
configure:9045: checking if gcc supports -fno-rtti -fno-exceptions
configure:9063: gcc -c -g -O0  -fno-rtti -fno-exceptions conftest.c >&5
cc1: warning: command line option '-fno-rtti' is valid for C++/ObjC++ but not for C [enabled by default]
configure:9067: $? = 0
configure:9080: result: no
configure:9390: checking for gcc option to produce PIC
configure:9397: result: -fPIC -DPIC
configure:9405: checking if gcc PIC flag -fPIC -DPIC works
configure:9423: gcc -c -g -O0  -fPIC -DPIC -DPIC conftest.c >&5
configure:9427: $? = 0
configure:9440: result: yes
configure:9469: checking if gcc static flag -static works
configure:9497: result: yes
configure:9512: checking if gcc supports -c -o file.o
configure:9533: gcc -c -g -O0  -o out/conftest2.o conftest.c >&5
configure:9537: $? = 0
configure:9559: result: yes
configure:9567: checking if gcc supports -c -o file.o
configure:9614: result: yes
configure:9647: checking whether the gcc linker (/usr/bin/ld -m elf_x86_64) supports shared libraries
configure:10809: result: yes
configure:10846: checking whether -lc should be explicitly linked in
configure:10854: gcc -c -g -O0  conftest.c >&5
configure:10857: $? = 0
configure:10872: gcc -shared  -fPIC -DPIC conftest.o  -v -Wl,-soname -Wl,conftest -o conftest 2\>\&1 \| /bin/grep  -lc  \>/dev/null 2\>\&1
configure:10875: $? = 0
configure:10889: result: no
configure:11054: checking dynamic linker characteristics
configure:11569: gcc -o conftest -g -O0   -Wl,-rpath -Wl,/foo conftest.c  >&5
configure:11569: $? = 0
configure:11803: result: GNU/Linux ld.so
configure:11910: checking how to hardcode library paths into programs
configure:11935: result: immediate
configure:12475: checking whether stripping libraries is possible
configure:12480: result: yes
configure:12515: checking if libtool supports shared libraries
configure:12517: result: yes
configure:12520: checking whether to build shared libraries
configure:12541: result: yes
configure:12544: checking whether to build static libraries
configure:12548: result: yes
configure:12640: checking for pkg-config
configure:12658: found /usr/bin/pkg-config
configure:12670: result: /usr/bin/pkg-config
configure:12695: checking pkg-config is at least version 0.9.0
configure:12698: result: yes
configure:12708: checking for EBP
configure:12716: $PKG_CONFIG --exists --print-errors "avahi-client
gtk+-3.0"
configure:12720: $? = 0
configure:12736: $PKG_CONFIG --exists --print-errors "avahi-client
gtk+-3.0"
configure:12740: $? = 0
configure:12802: result: yes
configure:12950: creating ./config.status

## ---------------- ##
## Cache variables. ##
## ---------------- ##

ac_cv_build=x86_64-unknown-linux-gnu
ac_cv_c_compiler_gnu=yes
ac_cv_env_CC_set=
ac_cv_env_CC_value=
ac_cv_env_CFLAGS_set=set
ac_cv_env_CFLAGS_value='-g -O0'
ac_cv_env_CPPFLAGS_set=
ac_cv_env_CPPFLAGS_value=
ac_cv_env_CPP_set=
ac_cv_env_CPP_value=
ac_cv_env_EBP_CFLAGS_set=
ac_cv_env_EBP_CFLAGS_value=
ac_cv_env_EBP_LIBS_set=
ac_cv_env_EBP_LIBS_value=
ac_cv_env_LDFLAGS_set=
ac_cv_env_LDFLAGS_value=
ac_cv_env_LIBS_set=
ac_cv_env_LIBS_value=
ac_cv_env_PKG_CONFIG_LIBDIR_set=
ac_cv_env_PKG_CONFIG_LIBDIR_value=
ac_cv_env_PKG_CONFIG_PATH_set=
ac_cv_env_PKG_CONFIG_PATH_value=
ac_cv_env_PKG_CONFIG_set=
ac_cv_env_PKG_CONFIG_value=
ac_cv_env_build_alias_set=
ac_cv_env_build_alias_value=
ac_cv_env_host_alias_set=
ac_cv_env_host_alias_value=
ac_cv_env_target_alias_set=
ac_cv_env_target_alias_value=
ac_cv_func_bind_textdomain_codeset=yes
ac_cv_func_dcgettext=yes
ac_cv_header_dlfcn_h=yes
ac_cv_header_inttypes_h=yes
ac_cv_header_libintl_h=yes
ac_cv_header_locale_h=yes
ac_cv_header_memory_h=yes
ac_cv_header_stdc=yes
ac_cv_header_stdint_h=yes
ac_cv_header_stdlib_h=yes
ac_cv_header_string_h=yes
ac_cv_header_strings_h=yes
ac_cv_header_sys_stat_h=yes
ac_cv_header_sys_types_h=yes
ac_cv_header_unistd_h=yes
ac_cv_host=x86_64-unknown-linux-gnu
ac_cv_objext=o
ac_cv_path_EGREP='/bin/grep -E'
ac_cv_path_FGREP='/bin/grep -F'
ac_cv_path_GMSGFMT=/usr/bin/msgfmt
ac_cv_path_GREP=/bin/grep
ac_cv_path_INTLTOOL_EXTRACT=/usr/bin/intltool-extract
ac_cv_path_INTLTOOL_MERGE=/usr/bin/intltool-merge
ac_cv_path_INTLTOOL_PERL=/usr/bin/perl
ac_cv_path_INTLTOOL_UPDATE=/usr/bin/intltool-update
ac_cv_path_MSGFMT=/usr/bin/msgfmt
ac_cv_path_MSGMERGE=/usr/bin/msgmerge
ac_cv_path_SED=/bin/sed
ac_cv_path_XGETTEXT=/usr/bin/xgettext
ac_cv_path_ac_pt_PKG_CONFIG=/usr/bin/pkg-config
ac_cv_path_install='/usr/bin/install -c'
ac_cv_path_mkdir=/bin/mkdir
ac_cv_prog_AWK=mawk
ac_cv_prog_CPP='gcc -E'
ac_cv_prog_ac_ct_AR=ar
ac_cv_prog_ac_ct_CC=gcc
ac_cv_prog_ac_ct_MANIFEST_TOOL=mt
ac_cv_prog_ac_ct_OBJDUMP=objdump
ac_cv_prog_ac_ct_RANLIB=ranlib
ac_cv_prog_ac_ct_STRIP=strip
ac_cv_prog_cc_c89=
ac_cv_prog_cc_g=yes
ac_cv_prog_make_make_set=yes
am_cv_CC_dependencies_compiler_type=gcc3
am_cv_val_LC_MESSAGES=yes
gt_cv_func_dgettext_libc=yes
gt_cv_func_dgettext_libintl=no
gt_cv_func_ngettext_libc=yes
gt_cv_have_gettext=yes
lt_cv_ar_at_file=@
lt_cv_archive_cmds_need_lc=no
lt_cv_deplibs_check_method=pass_all
lt_cv_file_magic_cmd='$MAGIC_CMD'
lt_cv_file_magic_test_file=
lt_cv_ld_reload_flag=-r
lt_cv_nm_interface='BSD nm'
lt_cv_objdir=.libs
lt_cv_path_LD=/usr/bin/ld
lt_cv_path_NM='/usr/bin/nm -B'
lt_cv_path_mainfest_tool=no
lt_cv_prog_compiler_c_o=yes
lt_cv_prog_compiler_pic='-fPIC -DPIC'
lt_cv_prog_compiler_pic_works=yes
lt_cv_prog_compiler_rtti_exceptions=no
lt_cv_prog_compiler_static_works=yes
lt_cv_prog_gnu_ld=yes
lt_cv_sharedlib_from_linklib_cmd='printf %s\n'
lt_cv_shlibpath_overrides_runpath=no
lt_cv_sys_global_symbol_pipe='sed -n -e '\''s/^.*[	 ]\([ABCDGIRSTW][ABCDGIRSTW]*\)[	 ][	 ]*\([_A-Za-z][_A-Za-z0-9]*\)$/\1 \2 \2/p'\'' | sed '\''/ __gnu_lto/d'\'''
lt_cv_sys_global_symbol_to_c_name_address='sed -n -e '\''s/^: \([^ ]*\)[ ]*$/  {\"\1\", (void *) 0},/p'\'' -e '\''s/^[ABCDGIRSTW]* \([^ ]*\) \([^ ]*\)$/  {"\2", (void *) \&\2},/p'\'''
lt_cv_sys_global_symbol_to_c_name_address_lib_prefix='sed -n -e '\''s/^: \([^ ]*\)[ ]*$/  {\"\1\", (void *) 0},/p'\'' -e '\''s/^[ABCDGIRSTW]* \([^ ]*\) \(lib[^ ]*\)$/  {"\2", (void *) \&\2},/p'\'' -e '\''s/^[ABCDGIRSTW]* \([^ ]*\) \([^ ]*\)$/  {"lib\2", (void *) \&\2},/p'\'''
lt_cv_sys_global_symbol_to_cdecl='sed -n -e '\''s/^T .* \(.*\)$/extern int \1();/p'\'' -e '\''s/^[ABCDGIRSTW]* .* \(.*\)$/extern char \1;/p'\'''
lt_cv_sys_max_cmd_len=3458764513820540925
lt_cv_to_host_file_cmd=func_convert_file_noop
lt_cv_to_tool_file_cmd=func_convert_file_noop
pkg_cv_EBP_CFLAGS='-D_REENTRANT -DGSEAL_ENABLE -pthread -I/usr/local/include -I/usr/include/atk-1.0 -I/usr/include/gdk-pixbuf-2.0 -I/usr/include/pango-1.0 -I/usr/include/pixman-1 -I/usr/include/freetype2 -I/usr/include/libpng12 -I/usr/include/gtk-3.0 -I/usr/include/cairo -I/usr/include/gio-unix-2.0/ -I/usr/include/glib-2.0 -I/usr/lib/glib-2.0/include  '
pkg_cv_EBP_LIBS='-pthread -lavahi-common -lavahi-client -lgtk-3 -lgdk-3 -latk-1.0 -lcairo-gobject -lgio-2.0 -lpangoft2-1.0 -lpangocairo-1.0 -lgdk_pixbuf-2.0 -lm -lcairo -lpango-1.0 -lfreetype -lfontconfig -lgobject-2.0 -lgmodule-2.0 -lgthread-2.0 -lrt -lglib-2.0  '

## ----------------- ##
## Output variables. ##
## ----------------- ##

ACLOCAL='${SHELL} /home/jeetu/code/eBrainPool/with-avahi/ebp/missing --run aclocal-1.11'
ALL_LINGUAS=''
AMDEPBACKSLASH='\'
AMDEP_FALSE='#'
AMDEP_TRUE=''
AMTAR='${SHELL} /home/jeetu/code/eBrainPool/with-avahi/ebp/missing --run tar'
AM_BACKSLASH='\'
AM_DEFAULT_VERBOSITY='0'
AR='ar'
AUTOCONF='${SHELL} /home/jeetu/code/eBrainPool/with-avahi/ebp/missing --run autoconf'
AUTOHEADER='${SHELL} /home/jeetu/code/eBrainPool/with-avahi/ebp/missing --run autoheader'
AUTOMAKE='${SHELL} /home/jeetu/code/eBrainPool/with-avahi/ebp/missing --run automake-1.11'
AWK='mawk'
CATALOGS=''
CATOBJEXT='.gmo'
CC='gcc'
CCDEPMODE='depmode=gcc3'
CFLAGS='-g -O0'
CPP='gcc -E'
CPPFLAGS=''
CYGPATH_W='echo'
DATADIRNAME='share'
DEFS='-DHAVE_CONFIG_H'
DEPDIR='.deps'
DLLTOOL='false'
DSYMUTIL=''
DUMPBIN=''
EBP_CFLAGS='-D_REENTRANT -DGSEAL_ENABLE -pthread -I/usr/local/include -I/usr/include/atk-1.0 -I/usr/include/gdk-pixbuf-2.0 -I/usr/include/pango-1.0 -I/usr/include/pixman-1 -I/usr/include/freetype2 -I/usr/include/libpng12 -I/usr/include/gtk-3.0 -I/usr/include/cairo -I/usr/include/gio-unix-2.0/ -I/usr/include/glib-2.0 -I/usr/lib/glib-2.0/include  '
EBP_LIBS='-pthread -lavahi-common -lavahi-client -lgtk-3 -lgdk-3 -latk-1.0 -lcairo-gobject -lgio-2.0 -lpangoft2-1.0 -lpangocairo-1.0 -lgdk_pixbuf-2.0 -lm -lcairo -lpango-1.0 -lfreetype -lfontconfig -lgobject-2.0 -lgmodule-2.0 -lgthread-2.0 -lrt -lglib-2.0  '
ECHO_C=''
ECHO_N='-n'
ECHO_T=''
EGREP='/bin/grep -E'
EXEEXT=''
FGREP='/bin/grep -F'
GETTEXT_PACKAGE='ebp'
GMOFILES=''
GMSGFMT='/usr/bin/msgfmt'
GREP='/bin/grep'
INSTALL_DATA='${INSTALL} -m 644'
INSTALL_PROGRAM='${INSTALL}'
INSTALL_SCRIPT='${INSTALL}'
INSTALL_STRIP_PROGRAM='$(install_sh) -c -s'
INSTOBJEXT='.mo'
INTLLIBS=''
INTLTOOL_CAVES_RULE='%.caves:     %.caves.in     $(INTLTOOL_MERGE) $(wildcard $(top_srcdir)/po/*.po) ; LC_ALL=C $(INTLTOOL_MERGE) -d -u -c $(top_builddir)/po/.intltool-merge-cache $(top_srcdir)/po $< $@'
INTLTOOL_DESKTOP_RULE='%.desktop:   %.desktop.in   $(INTLTOOL_MERGE) $(wildcard $(top_srcdir)/po/*.po) ; LC_ALL=C $(INTLTOOL_MERGE) -d -u -c $(top_builddir)/po/.intltool-merge-cache $(top_srcdir)/po $< $@'
INTLTOOL_DIRECTORY_RULE='%.directory: %.directory.in $(INTLTOOL_MERGE) $(wildcard $(top_srcdir)/po/*.po) ; LC_ALL=C $(INTLTOOL_MERGE) -d -u -c $(top_builddir)/po/.intltool-merge-cache $(top_srcdir)/po $< $@'
INTLTOOL_EXTRACT='/usr/bin/intltool-extract'
INTLTOOL_KBD_RULE='%.kbd:       %.kbd.in       $(INTLTOOL_MERGE) $(wildcard $(top_srcdir)/po/*.po) ; LC_ALL=C $(INTLTOOL_MERGE) -x -u -m -c $(top_builddir)/po/.intltool-merge-cache $(top_srcdir)/po $< $@'
INTLTOOL_KEYS_RULE='%.keys:      %.keys.in      $(INTLTOOL_MERGE) $(wildcard $(top_srcdir)/po/*.po) ; LC_ALL=C $(INTLTOOL_MERGE) -k -u -c $(top_builddir)/po/.intltool-merge-cache $(top_srcdir)/po $< $@'
INTLTOOL_MERGE='/usr/bin/intltool-merge'
INTLTOOL_OAF_RULE='%.oaf:       %.oaf.in       $(INTLTOOL_MERGE) $(wildcard $(top_srcdir)/po/*.po) ; LC_ALL=C $(INTLTOOL_MERGE) -o -p $(top_srcdir)/po $< $@'
INTLTOOL_PERL='/usr/bin/perl'
INTLTOOL_POLICY_RULE='%.policy:    %.policy.in    $(INTLTOOL_MERGE) $(wildcard $(top_srcdir)/po/*.po) ; LC_ALL=C $(INTLTOOL_MERGE) -x -u -c $(top_builddir)/po/.intltool-merge-cache $(top_srcdir)/po $< $@'
INTLTOOL_PONG_RULE='%.pong:      %.pong.in      $(INTLTOOL_MERGE) $(wildcard $(top_srcdir)/po/*.po) ; LC_ALL=C $(INTLTOOL_MERGE) -x -u -c $(top_builddir)/po/.intltool-merge-cache $(top_srcdir)/po $< $@'
INTLTOOL_PROP_RULE='%.prop:      %.prop.in      $(INTLTOOL_MERGE) $(wildcard $(top_srcdir)/po/*.po) ; LC_ALL=C $(INTLTOOL_MERGE) -d -u -c $(top_builddir)/po/.intltool-merge-cache $(top_srcdir)/po $< $@'
INTLTOOL_SCHEMAS_RULE='%.schemas:   %.schemas.in   $(INTLTOOL_MERGE) $(wildcard $(top_srcdir)/po/*.po) ; LC_ALL=C $(INTLTOOL_MERGE) -s -u -c $(top_builddir)/po/.intltool-merge-cache $(top_srcdir)/po $< $@'
INTLTOOL_SERVER_RULE='%.server:    %.server.in    $(INTLTOOL_MERGE) $(wildcard $(top_srcdir)/po/*.po) ; LC_ALL=C $(INTLTOOL_MERGE) -o -u -c $(top_builddir)/po/.intltool-merge-cache $(top_srcdir)/po $< $@'
INTLTOOL_SERVICE_RULE='%.service: %.service.in   $(INTLTOOL_MERGE) $(wildcard $(top_srcdir)/po/*.po) ; LC_ALL=C $(INTLTOOL_MERGE) -d -u -c $(top_builddir)/po/.intltool-merge-cache $(top_srcdir)/po $< $@'
INTLTOOL_SHEET_RULE='%.sheet:     %.sheet.in     $(INTLTOOL_MERGE) $(wildcard $(top_srcdir)/po/*.po) ; LC_ALL=C $(INTLTOOL_MERGE) -x -u -c $(top_builddir)/po/.intltool-merge-cache $(top_srcdir)/po $< $@'
INTLTOOL_SOUNDLIST_RULE='%.soundlist: %.soundlist.in $(INTLTOOL_MERGE) $(wildcard $(top_srcdir)/po/*.po) ; LC_ALL=C $(INTLTOOL_MERGE) -d -u -c $(top_builddir)/po/.intltool-merge-cache $(top_srcdir)/po $< $@'
INTLTOOL_THEME_RULE='%.theme:     %.theme.in     $(INTLTOOL_MERGE) $(wildcard $(top_srcdir)/po/*.po) ; LC_ALL=C $(INTLTOOL_MERGE) -d -u -c $(top_builddir)/po/.intltool-merge-cache $(top_srcdir)/po $< $@'
INTLTOOL_UI_RULE='%.ui:        %.ui.in        $(INTLTOOL_MERGE) $(wildcard $(top_srcdir)/po/*.po) ; LC_ALL=C $(INTLTOOL_MERGE) -x -u -c $(top_builddir)/po/.intltool-merge-cache $(top_srcdir)/po $< $@'
INTLTOOL_UPDATE='/usr/bin/intltool-update'
INTLTOOL_XAM_RULE='%.xam:       %.xml.in       $(INTLTOOL_MERGE) $(wildcard $(top_srcdir)/po/*.po) ; LC_ALL=C $(INTLTOOL_MERGE) -x -u -c $(top_builddir)/po/.intltool-merge-cache $(top_srcdir)/po $< $@'
INTLTOOL_XML_NOMERGE_RULE='%.xml:       %.xml.in       $(INTLTOOL_MERGE) ; LC_ALL=C $(INTLTOOL_MERGE) -x -u /tmp $< $@'
INTLTOOL_XML_RULE='%.xml:       %.xml.in       $(INTLTOOL_MERGE) $(wildcard $(top_srcdir)/po/*.po) ; LC_ALL=C $(INTLTOOL_MERGE) -x -u -c $(top_builddir)/po/.intltool-merge-cache $(top_srcdir)/po $< $@'
LD='/usr/bin/ld -m elf_x86_64'
LDFLAGS=''
LIBOBJS=''
LIBS=''
LIBTOOL='$(SHELL) $(top_builddir)/libtool'
LIPO=''
LN_S='ln -s'
LTLIBOBJS=''
MAINT=''
MAINTAINER_MODE_FALSE='#'
MAINTAINER_MODE_TRUE=''
MAKEINFO='${SHELL} /home/jeetu/code/eBrainPool/with-avahi/ebp/missing --run makeinfo'
MANIFEST_TOOL=':'
MKDIR_P='/bin/mkdir -p'
MKINSTALLDIRS='/home/jeetu/code/eBrainPool/with-avahi/ebp/mkinstalldirs'
MSGFMT='/usr/bin/msgfmt'
MSGFMT_OPTS='-c'
MSGMERGE='/usr/bin/msgmerge'
NM='/usr/bin/nm -B'
NMEDIT=''
OBJDUMP='objdump'
OBJEXT='o'
OTOOL64=''
OTOOL=''
PACKAGE='ebp'
PACKAGE_BUGREPORT=''
PACKAGE_NAME='ebp'
PACKAGE_STRING='ebp 0.2.1'
PACKAGE_TARNAME='ebp'
PACKAGE_URL=''
PACKAGE_VERSION='0.2.1'
PATH_SEPARATOR=':'
PKG_CONFIG='/usr/bin/pkg-config'
PKG_CONFIG_LIBDIR=''
PKG_CONFIG_PATH=''
POFILES=''
POSUB='po'
PO_IN_DATADIR_FALSE=''
PO_IN_DATADIR_TRUE=''
RANLIB='ranlib'
SED='/bin/sed'
SET_MAKE=''
SHELL='/bin/bash'
STRIP='strip'
USE_NLS='yes'
VERSION='0.2.1'
XGETTEXT='/usr/bin/xgettext'
ac_ct_AR='ar'
ac_ct_CC='gcc'
ac_ct_DUMPBIN=''
am__EXEEXT_FALSE=''
am__EXEEXT_TRUE='#'
am__fastdepCC_FALSE='#'
am__fastdepCC_TRUE=''
am__include='include'
am__isrc=' -I$(srcdir)'
am__leading_dot='.'
am__quote=''
am__tar='${AMTAR} chof - "$$tardir"'
am__untar='${AMTAR} xf -'
bindir='${exec_prefix}/bin'
build='x86_64-unknown-linux-gnu'
build_alias=''
build_cpu='x86_64'
build_os='linux-gnu'
build_vendor='unknown'
datadir='${datarootdir}'
datarootdir='${prefix}/share'
docdir='${datarootdir}/doc/${PACKAGE_TARNAME}'
dvidir='${docdir}'
exec_prefix='${prefix}'
host='x86_64-unknown-linux-gnu'
host_alias=''
host_cpu='x86_64'
host_os='linux-gnu'
host_vendor='unknown'
htmldir='${docdir}'
includedir='${prefix}/include'
infodir='${datarootdir}/info'
install_sh='${SHELL} /home/jeetu/code/eBrainPool/with-avahi/ebp/install-sh'
libdir='${exec_prefix}/lib'
libexecdir='${exec_prefix}/libexec'
localedir='${datarootdir}/locale'
localstatedir='${prefix}/var'
mandir='${datarootdir}/man'
mkdir_p='/bin/mkdir -p'
oldincludedir='/usr/include'
pdfdir='${docdir}'
prefix='/usr/local'
program_transform_name='s,x,x,'
psdir='${docdir}'
sbindir='${exec_prefix}/sbin'
sharedstatedir='${prefix}/com'
sysconfdir='${prefix}/etc'
target_alias=''

## ----------- ##
## confdefs.h. ##
## ----------- ##

/* confdefs.h */
#define PACKAGE_NAME "ebp"
#define PACKAGE_TARNAME "ebp"
#define PACKAGE_VERSION "0.2.1"
#define PACKAGE_STRING "ebp 0.2.1"
#define PACKAGE_BUGREPORT ""
#define PACKAGE_URL ""
#define PACKAGE "ebp"
#define VERSION "0.2.1"
#define GETTEXT_PACKAGE "ebp"
#define STDC_HEADERS 1
#define HAVE_SYS_TYPES_H 1
#define HAVE_SYS_STAT_H 1
#define HAVE_STDLIB_H 1
#define HAVE_STRING_H 1
#define HAVE_MEMORY_H 1
#define HAVE_STRINGS_H 1
#define HAVE_INTTYPES_H 1
#define HAVE_STDINT_H 1
#define HAVE_UNISTD_H 1
#define HAVE_LOCALE_H 1
#define HAVE_LC_MESSAGES 1
#define HAVE_BIND_TEXTDOMAIN_CODESET 1
#define HAVE_GETTEXT 1
#define HAVE_DCGETTEXT 1
#define ENABLE_NLS 1
#define HAVE_DLFCN_H 1
#define LT_OBJDIR ".libs/"

configure: exit 0

## ---------------------- ##
## Running config.status. ##
## ---------------------- ##

This file was extended by ebp config.status 0.2.1, which was
generated by GNU Autoconf 2.68.  Invocation command line was

  CONFIG_FILES    = 
  CONFIG_HEADERS  = 
  CONFIG_LINKS    = 
  CONFIG_COMMANDS = 
  $ ./config.status 

on debian

config.status:1171: creating Makefile
config.status:1171: creating src/Makefile
config.status:1171: creating po/Makefile.in
config.status:1171: creating config.h
config.status:1337: config.h is unchanged
config.status:1385: executing depfiles commands
config.status:1385: executing default-1 commands
config.status:1385: executing libtool commands
config.status:1385: executing po/stamp-it commands
