This file contains any messages produced by compilers while
running configure, to aid debugging if configure makes a mistake.

It was created by ebp configure 0.1.0, which was
generated by GNU Autoconf 2.64.  Invocation command line was

  $ ./configure --enable-maintainer-mode

## --------- ##
## Platform. ##
## --------- ##

hostname = debian
uname -m = i686
uname -r = 2.6.26-1-686
uname -s = Linux
uname -v = #1 SMP Sat Jan 10 18:29:31 UTC 2009

/usr/bin/uname -p = unknown
/bin/uname -X     = unknown

/bin/arch              = unknown
/usr/bin/arch -k       = unknown
/usr/convex/getsysinfo = unknown
/usr/bin/hostinfo      = unknown
/bin/machine           = unknown
/usr/bin/oslevel       = unknown
/bin/universe          = unknown

PATH: /usr/local/bin
PATH: /usr/bin
PATH: /bin
PATH: /usr/bin/X11
PATH: /usr/games
PATH: /usr/lib/jvm/java-6-sun-1.6.0.16/bin


## ----------- ##
## Core tests. ##
## ----------- ##

configure:2357: checking for a BSD-compatible install
configure:2425: result: /usr/bin/install -c
configure:2436: checking whether build environment is sane
configure:2486: result: yes
configure:2627: checking for a thread-safe mkdir -p
configure:2666: result: /bin/mkdir -p
configure:2679: checking for gawk
configure:2695: found /usr/bin/gawk
configure:2706: result: gawk
configure:2717: checking whether make sets $(MAKE)
configure:2739: result: yes
configure:2853: checking build system type
configure:2867: result: i686-pc-linux-gnu
configure:2887: checking host system type
configure:2900: result: i686-pc-linux-gnu
configure:2932: checking for style of include used by make
configure:2960: result: GNU
configure:3030: checking for gcc
configure:3046: found /usr/bin/gcc
configure:3057: result: gcc
configure:3286: checking for C compiler version
configure:3295: gcc --version >&5
gcc (Debian 4.3.4-2) 4.3.4
Copyright (C) 2008 Free Software Foundation, Inc.
This is free software; see the source for copying conditions.  There is NO
warranty; not even for MERCHANTABILITY or FITNESS FOR A PARTICULAR PURPOSE.

configure:3306: $? = 0
configure:3295: gcc -v >&5
Using built-in specs.
Target: i486-linux-gnu
Configured with: ../src/configure -v --with-pkgversion='Debian 4.3.4-2' --with-bugurl=file:///usr/share/doc/gcc-4.3/README.Bugs --enable-languages=c,c++,fortran,objc,obj-c++ --prefix=/usr --enable-shared --enable-multiarch --enable-linker-build-id --with-system-zlib --libexecdir=/usr/lib --without-included-gettext --enable-threads=posix --enable-nls --with-gxx-include-dir=/usr/include/c++/4.3 --program-suffix=-4.3 --enable-clocale=gnu --enable-libstdcxx-debug --enable-objc-gc --enable-mpfr --enable-targets=all --with-tune=generic --enable-checking=release --build=i486-linux-gnu --host=i486-linux-gnu --target=i486-linux-gnu
Thread model: posix
gcc version 4.3.4 (Debian 4.3.4-2) 
configure:3306: $? = 0
configure:3295: gcc -V >&5
gcc: '-V' option must have argument
configure:3306: $? = 1
configure:3295: gcc -qversion >&5
gcc: unrecognized option '-qversion'
gcc: no input files
configure:3306: $? = 1
configure:3328: checking for C compiler default output file name
configure:3350: gcc    conftest.c  >&5
configure:3354: $? = 0
configure:3391: result: a.out
configure:3407: checking whether the C compiler works
configure:3416: ./a.out
configure:3420: $? = 0
configure:3435: result: yes
configure:3442: checking whether we are cross compiling
configure:3444: result: no
configure:3447: checking for suffix of executables
configure:3454: gcc -o conftest    conftest.c  >&5
configure:3458: $? = 0
configure:3480: result: 
configure:3486: checking for suffix of object files
configure:3508: gcc -c   conftest.c >&5
configure:3512: $? = 0
configure:3533: result: o
configure:3537: checking whether we are using the GNU C compiler
configure:3556: gcc -c   conftest.c >&5
configure:3556: $? = 0
configure:3565: result: yes
configure:3574: checking whether gcc accepts -g
configure:3594: gcc -c -g  conftest.c >&5
configure:3594: $? = 0
configure:3635: result: yes
configure:3652: checking for gcc option to accept ISO C89
configure:3716: gcc  -c -g -O2  conftest.c >&5
configure:3716: $? = 0
configure:3729: result: none needed
configure:3751: checking dependency style of gcc
configure:3861: result: gcc3
configure:3876: checking for a sed that does not truncate output
configure:3940: result: /bin/sed
configure:3958: checking for grep that handles long lines and -e
configure:4016: result: /bin/grep
configure:4021: checking for egrep
configure:4083: result: /bin/grep -E
configure:4088: checking for fgrep
configure:4150: result: /bin/grep -F
configure:4185: checking for ld used by gcc
configure:4252: result: /usr/bin/ld
configure:4259: checking if the linker (/usr/bin/ld) is GNU ld
configure:4274: result: yes
configure:4286: checking for BSD- or MS-compatible name lister (nm)
configure:4335: result: /usr/bin/nm -B
configure:4453: checking the name lister (/usr/bin/nm -B) interface
configure:4460: gcc -c -g -O2  conftest.c >&5
configure:4463: /usr/bin/nm -B "conftest.o"
configure:4466: output
00000000 B some_variable
configure:4473: result: BSD nm
configure:4476: checking whether ln -s works
configure:4480: result: yes
configure:4488: checking the maximum length of command line arguments
configure:4608: result: 1572864
configure:4625: checking whether the shell understands some XSI constructs
configure:4635: result: yes
configure:4639: checking whether the shell understands "+="
configure:4645: result: yes
configure:4680: checking for /usr/bin/ld option to reload object files
configure:4687: result: -r
configure:4756: checking for objdump
configure:4772: found /usr/bin/objdump
configure:4783: result: objdump
configure:4815: checking how to recognize dependent libraries
configure:5011: result: pass_all
configure:5071: checking for ar
configure:5087: found /usr/bin/ar
configure:5098: result: ar
configure:5176: checking for strip
configure:5192: found /usr/bin/strip
configure:5203: result: strip
configure:5275: checking for ranlib
configure:5291: found /usr/bin/ranlib
configure:5302: result: ranlib
configure:5392: checking command to parse /usr/bin/nm -B output from gcc object
configure:5510: gcc -c -g -O2  conftest.c >&5
configure:5513: $? = 0
configure:5517: /usr/bin/nm -B conftest.o \| sed -n -e 's/^.*[	 ]\([ABCDGIRSTW][ABCDGIRSTW]*\)[	 ][	 ]*\([_A-Za-z][_A-Za-z0-9]*\)$/\1 \2 \2/p' \> conftest.nm
configure:5520: $? = 0
configure:5574: gcc -o conftest -g -O2   conftest.c conftstm.o >&5
configure:5577: $? = 0
configure:5615: result: ok
configure:6424: checking how to run the C preprocessor
configure:6455: gcc -E  conftest.c
configure:6455: $? = 0
configure:6469: gcc -E  conftest.c
conftest.c:11:28: error: ac_nonexistent.h: No such file or directory
configure:6469: $? = 1
configure: failed program was:
| /* confdefs.h */
| #define PACKAGE_NAME "ebp"
| #define PACKAGE_TARNAME "ebp"
| #define PACKAGE_VERSION "0.1.0"
| #define PACKAGE_STRING "ebp 0.1.0"
| #define PACKAGE_BUGREPORT ""
| #define PACKAGE_URL ""
| #define PACKAGE "ebp"
| #define VERSION "0.1.0"
| /* end confdefs.h.  */
| #include <ac_nonexistent.h>
configure:6494: result: gcc -E
configure:6514: gcc -E  conftest.c
configure:6514: $? = 0
configure:6528: gcc -E  conftest.c
conftest.c:11:28: error: ac_nonexistent.h: No such file or directory
configure:6528: $? = 1
configure: failed program was:
| /* confdefs.h */
| #define PACKAGE_NAME "ebp"
| #define PACKAGE_TARNAME "ebp"
| #define PACKAGE_VERSION "0.1.0"
| #define PACKAGE_STRING "ebp 0.1.0"
| #define PACKAGE_BUGREPORT ""
| #define PACKAGE_URL ""
| #define PACKAGE "ebp"
| #define VERSION "0.1.0"
| /* end confdefs.h.  */
| #include <ac_nonexistent.h>
configure:6557: checking for ANSI C header files
configure:6577: gcc -c -g -O2  conftest.c >&5
configure:6577: $? = 0
configure:6650: gcc -o conftest -g -O2   conftest.c  >&5
configure:6650: $? = 0
configure:6650: ./conftest
configure:6650: $? = 0
configure:6661: result: yes
configure:6674: checking for sys/types.h
configure:6674: gcc -c -g -O2  conftest.c >&5
configure:6674: $? = 0
configure:6674: result: yes
configure:6674: checking for sys/stat.h
configure:6674: gcc -c -g -O2  conftest.c >&5
configure:6674: $? = 0
configure:6674: result: yes
configure:6674: checking for stdlib.h
configure:6674: gcc -c -g -O2  conftest.c >&5
configure:6674: $? = 0
configure:6674: result: yes
configure:6674: checking for string.h
configure:6674: gcc -c -g -O2  conftest.c >&5
configure:6674: $? = 0
configure:6674: result: yes
configure:6674: checking for memory.h
configure:6674: gcc -c -g -O2  conftest.c >&5
configure:6674: $? = 0
configure:6674: result: yes
configure:6674: checking for strings.h
configure:6674: gcc -c -g -O2  conftest.c >&5
configure:6674: $? = 0
configure:6674: result: yes
configure:6674: checking for inttypes.h
configure:6674: gcc -c -g -O2  conftest.c >&5
configure:6674: $? = 0
configure:6674: result: yes
configure:6674: checking for stdint.h
configure:6674: gcc -c -g -O2  conftest.c >&5
configure:6674: $? = 0
configure:6674: result: yes
configure:6674: checking for unistd.h
configure:6674: gcc -c -g -O2  conftest.c >&5
configure:6674: $? = 0
configure:6674: result: yes
configure:6689: checking for dlfcn.h
configure:6689: gcc -c -g -O2  conftest.c >&5
configure:6689: $? = 0
configure:6689: result: yes
configure:6873: checking for objdir
configure:6888: result: .libs
configure:7180: checking if gcc supports -fno-rtti -fno-exceptions
configure:7198: gcc -c -g -O2  -fno-rtti -fno-exceptions conftest.c >&5
cc1: warning: command line option "-fno-rtti" is valid for C++/ObjC++ but not for C
configure:7202: $? = 0
configure:7215: result: no
configure:7235: checking for gcc option to produce PIC
configure:7507: result: -fPIC -DPIC
configure:7519: checking if gcc PIC flag -fPIC -DPIC works
configure:7537: gcc -c -g -O2  -fPIC -DPIC -DPIC conftest.c >&5
configure:7541: $? = 0
configure:7554: result: yes
configure:7578: checking if gcc static flag -static works
configure:7606: result: yes
configure:7621: checking if gcc supports -c -o file.o
configure:7642: gcc -c -g -O2  -o out/conftest2.o conftest.c >&5
configure:7646: $? = 0
configure:7668: result: yes
configure:7676: checking if gcc supports -c -o file.o
configure:7723: result: yes
configure:7756: checking whether the gcc linker (/usr/bin/ld) supports shared libraries
configure:8746: result: yes
configure:8783: checking whether -lc should be explicitly linked in
configure:8788: gcc -c -g -O2  conftest.c >&5
configure:8791: $? = 0
configure:8806: gcc -shared conftest.o  -v -Wl,-soname -Wl,conftest -o conftest 2\>\&1 \| /bin/grep  -lc  \>/dev/null 2\>\&1
configure:8809: $? = 0
configure:8821: result: no
configure:8985: checking dynamic linker characteristics
configure:9418: gcc -o conftest -g -O2   -Wl,-rpath -Wl,/foo conftest.c  >&5
configure:9418: $? = 0
configure:9648: result: GNU/Linux ld.so
configure:9750: checking how to hardcode library paths into programs
configure:9775: result: immediate
configure:10295: checking whether stripping libraries is possible
configure:10300: result: yes
configure:10335: checking if libtool supports shared libraries
configure:10337: result: yes
configure:10340: checking whether to build shared libraries
configure:10361: result: yes
configure:10364: checking whether to build static libraries
configure:10368: result: yes
configure:10451: checking for gcc
configure:10478: result: gcc
configure:10707: checking for C compiler version
configure:10716: gcc --version >&5
gcc (Debian 4.3.4-2) 4.3.4
Copyright (C) 2008 Free Software Foundation, Inc.
This is free software; see the source for copying conditions.  There is NO
warranty; not even for MERCHANTABILITY or FITNESS FOR A PARTICULAR PURPOSE.

configure:10727: $? = 0
configure:10716: gcc -v >&5
Using built-in specs.
Target: i486-linux-gnu
Configured with: ../src/configure -v --with-pkgversion='Debian 4.3.4-2' --with-bugurl=file:///usr/share/doc/gcc-4.3/README.Bugs --enable-languages=c,c++,fortran,objc,obj-c++ --prefix=/usr --enable-shared --enable-multiarch --enable-linker-build-id --with-system-zlib --libexecdir=/usr/lib --without-included-gettext --enable-threads=posix --enable-nls --with-gxx-include-dir=/usr/include/c++/4.3 --program-suffix=-4.3 --enable-clocale=gnu --enable-libstdcxx-debug --enable-objc-gc --enable-mpfr --enable-targets=all --with-tune=generic --enable-checking=release --build=i486-linux-gnu --host=i486-linux-gnu --target=i486-linux-gnu
Thread model: posix
gcc version 4.3.4 (Debian 4.3.4-2) 
configure:10727: $? = 0
configure:10716: gcc -V >&5
gcc: '-V' option must have argument
configure:10727: $? = 1
configure:10716: gcc -qversion >&5
gcc: unrecognized option '-qversion'
gcc: no input files
configure:10727: $? = 1
configure:10731: checking whether we are using the GNU C compiler
configure:10759: result: yes
configure:10768: checking whether gcc accepts -g
configure:10829: result: yes
configure:10846: checking for gcc option to accept ISO C89
configure:10923: result: none needed
configure:10945: checking dependency style of gcc
configure:11055: result: gcc3
configure:11122: checking for pkg-config
configure:11140: found /usr/bin/pkg-config
configure:11152: result: /usr/bin/pkg-config
configure:11177: checking pkg-config is at least version 0.9.0
configure:11180: result: yes
configure:11196: checking for EBP
configure:11204: $PKG_CONFIG --exists --print-errors "glib-2.0 nbtk-1.2"
configure:11207: $? = 0
configure:11222: $PKG_CONFIG --exists --print-errors "glib-2.0 nbtk-1.2"
configure:11225: $? = 0
configure:11280: result: yes
configure:11296: checking locale.h usability
configure:11296: gcc -c -g -O2  conftest.c >&5
configure:11296: $? = 0
configure:11296: result: yes
configure:11296: checking locale.h presence
configure:11296: gcc -E  conftest.c
configure:11296: $? = 0
configure:11296: result: yes
configure:11296: checking for locale.h
configure:11296: result: yes
configure:11307: checking for LC_MESSAGES
configure:11323: gcc -o conftest -g -O2   conftest.c  >&5
configure:11323: $? = 0
configure:11331: result: yes
configure:11348: checking libintl.h usability
configure:11348: gcc -c -g -O2  conftest.c >&5
configure:11348: $? = 0
configure:11348: result: yes
configure:11348: checking libintl.h presence
configure:11348: gcc -E  conftest.c
configure:11348: $? = 0
configure:11348: result: yes
configure:11348: checking for libintl.h
configure:11348: result: yes
configure:11356: checking for ngettext in libc
configure:11374: gcc -o conftest -g -O2   conftest.c  >&5
configure:11374: $? = 0
configure:11383: result: yes
configure:11387: checking for dgettext in libc
configure:11405: gcc -o conftest -g -O2   conftest.c  >&5
configure:11405: $? = 0
configure:11414: result: yes
configure:11421: checking for bind_textdomain_codeset
configure:11421: gcc -o conftest -g -O2   conftest.c  >&5
configure:11421: $? = 0
configure:11421: result: yes
configure:11697: checking for msgfmt
configure:11724: result: /usr/bin/msgfmt
configure:11735: checking for dcgettext
configure:11735: gcc -o conftest -g -O2   conftest.c   >&5
conftest.c:50: warning: conflicting types for built-in function 'dcgettext'
configure:11735: $? = 0
configure:11735: result: yes
configure:11745: checking if msgfmt accepts -c
configure:11760: $MSGFMT -c -o /dev/null conftest.foo
configure:11763: $? = 0
configure:11765: result: yes
configure:11775: checking for gmsgfmt
configure:11806: result: /usr/bin/msgfmt
configure:11816: checking for xgettext
configure:11843: result: /usr/bin/xgettext
configure:11862: gcc -o conftest -g -O2   conftest.c   >&5
configure:11862: $? = 0
configure:11940: checking for catalogs to be installed
configure:11965: result:  en_US
configure:12133: creating ./config.status

## ---------------------- ##
## Running config.status. ##
## ---------------------- ##

This file was extended by ebp config.status 0.1.0, which was
generated by GNU Autoconf 2.64.  Invocation command line was

  CONFIG_FILES    = 
  CONFIG_HEADERS  = 
  CONFIG_LINKS    = 
  CONFIG_COMMANDS = 
  $ ./config.status 

on debian

config.status:1094: creating Makefile
config.status:1094: creating src/Makefile
config.status:1094: creating src/ebp.desktop
config.status:1094: creating config.h
config.status:1314: executing depfiles commands
config.status:1314: executing libtool commands
config.status:1314: executing default-1 commands
configure:14335: WARNING: unrecognized options: --enable-maintainer-mode

## ---------------- ##
## Cache variables. ##
## ---------------- ##

ac_cv_build=i686-pc-linux-gnu
ac_cv_c_compiler_gnu=yes
ac_cv_env_CC_set=
ac_cv_env_CC_value=
ac_cv_env_CFLAGS_set=
ac_cv_env_CFLAGS_value=
ac_cv_env_CPPFLAGS_set=
ac_cv_env_CPPFLAGS_value=
ac_cv_env_CPP_set=
ac_cv_env_CPP_value=
ac_cv_env_EBP_CFLAGS_set=
ac_cv_env_EBP_CFLAGS_value=
ac_cv_env_EBP_LIBS_set=
ac_cv_env_EBP_LIBS_value=
ac_cv_env_LDFLAGS_set=
ac_cv_env_LDFLAGS_value=
ac_cv_env_LIBS_set=
ac_cv_env_LIBS_value=
ac_cv_env_PKG_CONFIG_set=
ac_cv_env_PKG_CONFIG_value=
ac_cv_env_build_alias_set=
ac_cv_env_build_alias_value=
ac_cv_env_host_alias_set=
ac_cv_env_host_alias_value=
ac_cv_env_target_alias_set=
ac_cv_env_target_alias_value=
ac_cv_func_bind_textdomain_codeset=yes
ac_cv_func_dcgettext=yes
ac_cv_header_dlfcn_h=yes
ac_cv_header_inttypes_h=yes
ac_cv_header_libintl_h=yes
ac_cv_header_locale_h=yes
ac_cv_header_memory_h=yes
ac_cv_header_stdc=yes
ac_cv_header_stdint_h=yes
ac_cv_header_stdlib_h=yes
ac_cv_header_string_h=yes
ac_cv_header_strings_h=yes
ac_cv_header_sys_stat_h=yes
ac_cv_header_sys_types_h=yes
ac_cv_header_unistd_h=yes
ac_cv_host=i686-pc-linux-gnu
ac_cv_objext=o
ac_cv_path_EGREP='/bin/grep -E'
ac_cv_path_FGREP='/bin/grep -F'
ac_cv_path_GMSGFMT=/usr/bin/msgfmt
ac_cv_path_GREP=/bin/grep
ac_cv_path_MSGFMT=/usr/bin/msgfmt
ac_cv_path_SED=/bin/sed
ac_cv_path_XGETTEXT=/usr/bin/xgettext
ac_cv_path_ac_pt_PKG_CONFIG=/usr/bin/pkg-config
ac_cv_path_install='/usr/bin/install -c'
ac_cv_path_mkdir=/bin/mkdir
ac_cv_prog_AWK=gawk
ac_cv_prog_CPP='gcc -E'
ac_cv_prog_ac_ct_AR=ar
ac_cv_prog_ac_ct_CC=gcc
ac_cv_prog_ac_ct_OBJDUMP=objdump
ac_cv_prog_ac_ct_RANLIB=ranlib
ac_cv_prog_ac_ct_STRIP=strip
ac_cv_prog_cc_c89=
ac_cv_prog_cc_g=yes
ac_cv_prog_make_make_set=yes
am_cv_CC_dependencies_compiler_type=gcc3
am_cv_val_LC_MESSAGES=yes
gt_cv_func_dgettext_libc=yes
gt_cv_func_dgettext_libintl=no
gt_cv_func_ngettext_libc=yes
gt_cv_have_gettext=yes
lt_cv_deplibs_check_method=pass_all
lt_cv_file_magic_cmd='$MAGIC_CMD'
lt_cv_file_magic_test_file=
lt_cv_ld_reload_flag=-r
lt_cv_nm_interface='BSD nm'
lt_cv_objdir=.libs
lt_cv_path_LD=/usr/bin/ld
lt_cv_path_NM='/usr/bin/nm -B'
lt_cv_prog_compiler_c_o=yes
lt_cv_prog_compiler_pic_works=yes
lt_cv_prog_compiler_rtti_exceptions=no
lt_cv_prog_compiler_static_works=yes
lt_cv_prog_gnu_ld=yes
lt_cv_sys_global_symbol_pipe='sed -n -e '\''s/^.*[	 ]\([ABCDGIRSTW][ABCDGIRSTW]*\)[	 ][	 ]*\([_A-Za-z][_A-Za-z0-9]*\)$/\1 \2 \2/p'\'''
lt_cv_sys_global_symbol_to_c_name_address='sed -n -e '\''s/^: \([^ ]*\) $/  {\"\1\", (void *) 0},/p'\'' -e '\''s/^[ABCDGIRSTW]* \([^ ]*\) \([^ ]*\)$/  {"\2", (void *) \&\2},/p'\'''
lt_cv_sys_global_symbol_to_c_name_address_lib_prefix='sed -n -e '\''s/^: \([^ ]*\) $/  {\"\1\", (void *) 0},/p'\'' -e '\''s/^[ABCDGIRSTW]* \([^ ]*\) \(lib[^ ]*\)$/  {"\2", (void *) \&\2},/p'\'' -e '\''s/^[ABCDGIRSTW]* \([^ ]*\) \([^ ]*\)$/  {"lib\2", (void *) \&\2},/p'\'''
lt_cv_sys_global_symbol_to_cdecl='sed -n -e '\''s/^T .* \(.*\)$/extern int \1();/p'\'' -e '\''s/^[ABCDGIRSTW]* .* \(.*\)$/extern char \1;/p'\'''
lt_cv_sys_max_cmd_len=1572864
pkg_cv_EBP_CFLAGS='-pthread -D_REENTRANT -I/usr/local/include -I/usr/include/glib-2.0 -I/usr/lib/glib-2.0/include -I/usr/include/nbtk-1.2 -I/usr/include/clutter-1.0 -I/usr/include/cairo -I/usr/include/pango-1.0 -I/usr/include/gtk-2.0 -I/usr/include/pixman-1 -I/usr/include/freetype2 -I/usr/include/directfb -I/usr/include/libpng12  '
pkg_cv_EBP_LIBS='-pthread -lnbtk-1.2 -lclutter-glx-1.0 -lpangocairo-1.0 -lgthread-2.0 -lrt -lgdk_pixbuf-2.0 -lm -lGL -lX11 -lXext -lXdamage -lXcomposite -lpango-1.0 -lcairo -lgobject-2.0 -lgmodule-2.0 -lglib-2.0 -lXfixes  '

## ----------------- ##
## Output variables. ##
## ----------------- ##

ACLOCAL='${SHELL} /home/jeetu/code/ebp/missing --run aclocal-1.11'
ALL_LINGUAS='en_US'
AMDEPBACKSLASH='\'
AMDEP_FALSE='#'
AMDEP_TRUE=''
AMTAR='${SHELL} /home/jeetu/code/ebp/missing --run tar'
AR='ar'
AUTOCONF='${SHELL} /home/jeetu/code/ebp/missing --run autoconf'
AUTOHEADER='${SHELL} /home/jeetu/code/ebp/missing --run autoheader'
AUTOMAKE='${SHELL} /home/jeetu/code/ebp/missing --run automake-1.11'
AWK='gawk'
CATALOGS=' en_US.gmo'
CATOBJEXT='.gmo'
CC='gcc'
CCDEPMODE='depmode=gcc3'
CFLAGS='-g -O2'
CPP='gcc -E'
CPPFLAGS=''
CYGPATH_W='echo'
DATADIRNAME='share'
DEFS='-DHAVE_CONFIG_H'
DEPDIR='.deps'
DSYMUTIL=''
DUMPBIN=''
EBP_CFLAGS='-pthread -D_REENTRANT -I/usr/local/include -I/usr/include/glib-2.0 -I/usr/lib/glib-2.0/include -I/usr/include/nbtk-1.2 -I/usr/include/clutter-1.0 -I/usr/include/cairo -I/usr/include/pango-1.0 -I/usr/include/gtk-2.0 -I/usr/include/pixman-1 -I/usr/include/freetype2 -I/usr/include/directfb -I/usr/include/libpng12  '
EBP_LIBS='-pthread -lnbtk-1.2 -lclutter-glx-1.0 -lpangocairo-1.0 -lgthread-2.0 -lrt -lgdk_pixbuf-2.0 -lm -lGL -lX11 -lXext -lXdamage -lXcomposite -lpango-1.0 -lcairo -lgobject-2.0 -lgmodule-2.0 -lglib-2.0 -lXfixes  '
ECHO_C=''
ECHO_N='-n'
ECHO_T=''
EGREP='/bin/grep -E'
EXEEXT=''
FGREP='/bin/grep -F'
GMOFILES=' en_US.gmo'
GMSGFMT='/usr/bin/msgfmt'
GREP='/bin/grep'
INSTALL_DATA='${INSTALL} -m 644'
INSTALL_PROGRAM='${INSTALL}'
INSTALL_SCRIPT='${INSTALL}'
INSTALL_STRIP_PROGRAM='$(install_sh) -c -s'
INSTOBJEXT='.mo'
INTLLIBS=''
LD='/usr/bin/ld'
LDFLAGS=''
LIBOBJS=''
LIBS=''
LIBTOOL='$(SHELL) $(top_builddir)/libtool'
LIPO=''
LN_S='ln -s'
LTLIBOBJS=''
MAKEINFO='${SHELL} /home/jeetu/code/ebp/missing --run makeinfo'
MKDIR_P='/bin/mkdir -p'
MKINSTALLDIRS='./mkinstalldirs'
MSGFMT='/usr/bin/msgfmt'
MSGFMT_OPTS='-c'
NM='/usr/bin/nm -B'
NMEDIT=''
OBJDUMP='objdump'
OBJEXT='o'
OTOOL64=''
OTOOL=''
PACKAGE='ebp'
PACKAGE_BUGREPORT=''
PACKAGE_NAME='ebp'
PACKAGE_STRING='ebp 0.1.0'
PACKAGE_TARNAME='ebp'
PACKAGE_URL=''
PACKAGE_VERSION='0.1.0'
PATH_SEPARATOR=':'
PKG_CONFIG='/usr/bin/pkg-config'
POFILES=' en_US.po'
POSUB='po'
PO_IN_DATADIR_FALSE=''
PO_IN_DATADIR_TRUE=''
RANLIB='ranlib'
SED='/bin/sed'
SET_MAKE=''
SHELL='/bin/sh'
STRIP='strip'
USE_NLS='yes'
VERSION='0.1.0'
XGETTEXT='/usr/bin/xgettext'
ac_ct_CC='gcc'
ac_ct_DUMPBIN=''
am__EXEEXT_FALSE=''
am__EXEEXT_TRUE='#'
am__fastdepCC_FALSE='#'
am__fastdepCC_TRUE=''
am__include='include'
am__isrc=''
am__leading_dot='.'
am__quote=''
am__tar='${AMTAR} chof - "$$tardir"'
am__untar='${AMTAR} xf -'
bindir='${exec_prefix}/bin'
build='i686-pc-linux-gnu'
build_alias=''
build_cpu='i686'
build_os='linux-gnu'
build_vendor='pc'
datadir='${datarootdir}'
datarootdir='${prefix}/share'
desktopentrydir='${datarootdir}/applications'
docdir='${datarootdir}/doc/${PACKAGE_TARNAME}'
dvidir='${docdir}'
exec_prefix='${prefix}'
host='i686-pc-linux-gnu'
host_alias=''
host_cpu='i686'
host_os='linux-gnu'
host_vendor='pc'
htmldir='${docdir}'
icondir='${datarootdir}/icons/hicolor/32x32/apps'
includedir='${prefix}/include'
infodir='${datarootdir}/info'
install_sh='${SHELL} /home/jeetu/code/ebp/install-sh'
libdir='${exec_prefix}/lib'
libexecdir='${exec_prefix}/libexec'
localedir='${datarootdir}/locale'
localstatedir='${prefix}/var'
lt_ECHO='echo'
mandir='${datarootdir}/man'
mkdir_p='/bin/mkdir -p'
oldincludedir='/usr/include'
pdfdir='${docdir}'
prefix='/usr/local'
program_transform_name='s,x,x,'
psdir='${docdir}'
sbindir='${exec_prefix}/sbin'
sharedstatedir='${prefix}/com'
sysconfdir='${prefix}/etc'
target_alias=''

## ----------- ##
## confdefs.h. ##
## ----------- ##

/* confdefs.h */
#define PACKAGE_NAME "ebp"
#define PACKAGE_TARNAME "ebp"
#define PACKAGE_VERSION "0.1.0"
#define PACKAGE_STRING "ebp 0.1.0"
#define PACKAGE_BUGREPORT ""
#define PACKAGE_URL ""
#define PACKAGE "ebp"
#define VERSION "0.1.0"
#define STDC_HEADERS 1
#define HAVE_SYS_TYPES_H 1
#define HAVE_SYS_STAT_H 1
#define HAVE_STDLIB_H 1
#define HAVE_STRING_H 1
#define HAVE_MEMORY_H 1
#define HAVE_STRINGS_H 1
#define HAVE_INTTYPES_H 1
#define HAVE_STDINT_H 1
#define HAVE_UNISTD_H 1
#define HAVE_DLFCN_H 1
#define LT_OBJDIR ".libs/"
#define HAVE_LOCALE_H 1
#define HAVE_LC_MESSAGES 1
#define HAVE_BIND_TEXTDOMAIN_CODESET 1
#define HAVE_GETTEXT 1
#define HAVE_DCGETTEXT 1
#define ENABLE_NLS 1
#define GETTEXT_PACKAGE "ebp"

configure: exit 0
